#
# A fatal error has been detected by the Java Runtime Environment:
#
#  EXCEPTION_ACCESS_VIOLATION (0xc0000005) at pc=0x0000021163d212e7, pid=14560, tid=10576
#
# JRE version: OpenJDK Runtime Environment Corretto-11.0.23.9.1 (11.0.23+9) (build 11.0.23+9-LTS)
# Java VM: OpenJDK 64-Bit Server VM Corretto-11.0.23.9.1 (11.0.23+9-LTS, mixed mode, tiered, compressed oops, g1 gc, windows-amd64)
# Problematic frame:
# v  ~StubRoutines::get_previous_fp
#
# No core dump will be written. Minidumps are not enabled by default on client versions of Windows
#
# If you would like to submit a bug report, please visit:
#   https://github.com/corretto/corretto-11/issues/
#

---------------  S U M M A R Y ------------

Command Line: -javaagent:C:\\Users\\Пользователь\\.m2\\repository\\org\\jacoco\\org.jacoco.agent\\0.8.5\\org.jacoco.agent-0.8.5-runtime.jar=destfile=C:\\Users\\Пользователь\\IdeaProjects\\HomeWorkJava.10.Radio\\target\\jacoco.exec C:\Users\73B5~1\AppData\Local\Temp\surefire5401093459425346940\surefirebooter5592205335677926574.jar C:\Users\Пользователь\AppData\Local\Temp\surefire5401093459425346940 2024-06-18T13-50-17_966-jvmRun1 surefire3969903527094579602tmp surefire_04518111764741677043tmp

Host: 11th Gen Intel(R) Core(TM) i5-11400 @ 2.60GHz, 12 cores, 31G,  Windows 11 , 64 bit Build 22621 (10.0.22621.3527)
Time: Tue Jun 18 13:50:18 2024  Windows 11 , 64 bit Build 22621 (10.0.22621.3527) elapsed time: 0.154252 seconds (0d 0h 0m 0s)

---------------  T H R E A D  ---------------

Current thread (0x000002115b583000):  JavaThread "main" [_thread_in_vm, id=10576, stack(0x000000a265900000,0x000000a265a00000)]

Stack: [0x000000a265900000,0x000000a265a00000],  sp=0x000000a2659ff760,  free space=1021k
Native frames: (J=compiled Java code, j=interpreted, Vv=VM code, C=native code)
C  0x0000021163d212e7


siginfo: EXCEPTION_ACCESS_VIOLATION (0xc0000005), reading address 0x00000000000003d8


Register to memory mapping:

RIP=0x0000021163d212e7 is at begin+8 in a stub
StubRoutines::get_previous_fp [0x0000021163d212df, 0x0000021163d212ec[ (13 bytes)
RAX=0x00000000000003d8 is an unknown value
RBX=0x000000a2659ff800 is pointing into the stack for thread: 0x000002115b583000
RCX=0x000000a2659ff800 is pointing into the stack for thread: 0x000002115b583000
RDX=0x0 is NULL
RSP=0x000000a2659ff760 is pointing into the stack for thread: 0x000002115b583000
RBP=0x000000a2659ff760 is pointing into the stack for thread: 0x000002115b583000
RSI=0x0 is NULL
RDI=0x000002115b583000 is a thread
R8 =0x000000a2659ff6d8 is pointing into the stack for thread: 0x000002115b583000
R9 =0x0000000000000001 is an unknown value
R10=0x0 is NULL
R11=0x000000a2659ff790 is pointing into the stack for thread: 0x000002115b583000
R12=0x000002115b583b38 points into unknown readable memory: 0x08043d4b37d1bde2 | e2 bd d1 37 4b 3d 04 08
R13=0x000002117ef4ebd8 points into unknown readable memory: 0x0000021159403870 | 70 38 40 59 11 02 00 00
R14=0x000002117f98eea0 points into unknown readable memory: 0x0000000000000000 | 00 00 00 00 00 00 00 00
R15=0x000002115b583760 points into unknown readable memory: 0x0072006f006d0020 | 20 00 6d 00 6f 00 72 00


Registers:
RAX=0x00000000000003d8, RBX=0x000000a2659ff800, RCX=0x000000a2659ff800, RDX=0x0000000000000000
RSP=0x000000a2659ff760, RBP=0x000000a2659ff760, RSI=0x0000000000000000, RDI=0x000002115b583000
R8 =0x000000a2659ff6d8, R9 =0x0000000000000001, R10=0x0000000000000000, R11=0x000000a2659ff790
R12=0x000002115b583b38, R13=0x000002117ef4ebd8, R14=0x000002117f98eea0, R15=0x000002115b583760
RIP=0x0000021163d212e7, EFLAGS=0x0000000000010202

Top of Stack: (sp=0x000000a2659ff760)
0x000000a2659ff760:   00000000000003d8 00007ff812f75726
0x000000a2659ff770:   00007ff8b317f550 00007ff8b317f550
0x000000a2659ff780:   000000a2659ff820 000000a2659ff7b0
0x000000a2659ff790:   000002115b583750 00007ff8129f236c
0x000000a2659ff7a0:   000000a2659ff810 000002115945d420
0x000000a2659ff7b0:   00000000000007d0 0000000000007fd8
0x000000a2659ff7c0:   000002115b583000 00007ff8130c96f1
0x000000a2659ff7d0:   000002115945d420 000002115b583750
0x000000a2659ff7e0:   000002115b583750 0000021159405100
0x000000a2659ff7f0:   000002115b576ea8 00007ff8a20c148c
0x000000a2659ff800:   0000000000000024 00007ff8a20c82d0
0x000000a2659ff810:   000000a2659ff860 00007ff8b317f550
0x000000a2659ff820:   00007ff8b317f550 0000000000000000
0x000000a2659ff830:   00006c66369c0ec4 00007ff8a20c7ae0
0x000000a2659ff840:   000002115b583000 00007ff812f77e70
0x000000a2659ff850:   000002115b583350 00007ff8a20c82d0 

Instructions: (pc=0x0000021163d212e7)
0x0000021163d211e7:   40 18 85 98 fe ff ff 00 62 63 35 40 18 8d 88 fe
0x0000021163d211f7:   ff ff 00 62 63 2d 40 18 95 78 fe ff ff 00 62 63
0x0000021163d21207:   25 40 18 9d 68 fe ff ff 00 62 63 1d 40 18 a5 58
0x0000021163d21217:   fe ff ff 00 62 63 15 40 18 ad 48 fe ff ff 00 62
0x0000021163d21227:   63 0d 40 18 b5 38 fe ff ff 00 62 63 05 40 18 bd
0x0000021163d21237:   28 fe ff ff 00 4c 8b 7d c8 4c 8b 75 d0 4c 8b 6d
0x0000021163d21247:   d8 4c 8b 65 e0 48 8b 5d f8 48 8b 7d e8 48 8b 75
0x0000021163d21257:   f0 48 81 c4 d8 01 00 00 c5 f8 77 5d c3 48 89 01
0x0000021163d21267:   e9 ab fe ff ff c5 fa 11 01 e9 a2 fe ff ff c5 fb
0x0000021163d21277:   11 01 e9 99 fe ff ff 49 89 47 08 49 ba e0 53 27
0x0000021163d21287:   13 f8 7f 00 00 4d 89 57 10 41 c7 47 18 da 01 00
0x0000021163d21297:   00 e9 4d fe ff ff 8b c1 87 02 c3 48 8b c1 48 87
0x0000021163d212a7:   02 c3 41 8b c0 f0 0f b1 0a c3 49 0f be c0 f0 0f
0x0000021163d212b7:   b0 0a c3 49 8b c0 f0 48 0f b1 0a c3 8b c1 f0 0f
0x0000021163d212c7:   c1 0a 03 c1 c3 48 8b c1 f0 48 0f c1 0a 48 03 c1
0x0000021163d212d7:   c3 f0 83 44 24 c0 00 c3 55 48 8b ec 48 8b 45 00
0x0000021163d212e7:   48 8b 00 5d c3 48 8b c4 48 83 c0 08 c3 c3 66 66
0x0000021163d212f7:   66 0f 1f 84 00 00 00 00 00 55 48 8b ec 41 54 48
0x0000021163d21307:   83 ec 28 49 b9 60 19 3d 13 f8 7f 00 00 f7 d1 41
0x0000021163d21317:   bc 00 00 00 00 41 81 f8 00 01 00 00 0f 8c b5 02
0x0000021163d21327:   00 00 c5 79 6e d1 62 b1 fe 48 6f 04 22 62 b1 fe
0x0000021163d21337:   48 6f 64 22 01 62 d1 fd 48 ef c2 62 52 7d 48 5a
0x0000021163d21347:   51 02 41 81 e8 00 01 00 00 41 81 f8 00 01 00 00
0x0000021163d21357:   0f 8c 01 01 00 00 62 b1 fe 48 6f 7c 22 02 62 31
0x0000021163d21367:   fe 48 6f 44 22 03 62 c2 7d 48 5a 01 41 81 e8 00
0x0000021163d21377:   01 00 00 41 81 c4 00 01 00 00 62 b1 fe 48 6f 1c
0x0000021163d21387:   22 62 b3 7d 48 44 c8 10 62 b3 7d 48 44 d0 01 62
0x0000021163d21397:   f1 f5 48 ef c2 62 f1 fd 48 ef c3 62 b1 fe 48 6f
0x0000021163d213a7:   5c 22 01 62 b3 5d 48 44 c8 10 62 b3 5d 48 44 d0
0x0000021163d213b7:   01 62 f1 f5 48 ef e2 62 f1 dd 48 ef e3 62 b1 fe
0x0000021163d213c7:   48 6f 5c 22 02 62 b3 45 48 44 c8 10 62 b3 45 48
0x0000021163d213d7:   44 d0 01 62 f1 f5 48 ef fa 62 f1 c5 48 ef fb 62 


Stack slot to memory mapping:
stack at sp + 0 slots: 0x00000000000003d8 is an unknown value
stack at sp + 1 slots: 0x00007ff812f75726 jvm.dll
stack at sp + 2 slots: 0x00007ff8b317f550 ucrtbase.dll
stack at sp + 3 slots: 0x00007ff8b317f550 ucrtbase.dll
stack at sp + 4 slots: 0x000000a2659ff820 is pointing into the stack for thread: 0x000002115b583000
stack at sp + 5 slots: 0x000000a2659ff7b0 is pointing into the stack for thread: 0x000002115b583000
stack at sp + 6 slots: 0x000002115b583750 points into unknown readable memory: 0x000002117f98ee90 | 90 ee 98 7f 11 02 00 00
stack at sp + 7 slots: 0x00007ff8129f236c jvm.dll

StubRoutines::get_previous_fp [0x0000021163d212df, 0x0000021163d212ec[ (13 bytes)
---------------  P R O C E S S  ---------------

Threads class SMR info:
_java_thread_list=0x000002117fa97630, length=11, elements={
0x000002115b583000, 0x000002117f8a3000, 0x000002117f8ab800, 0x000002117f900800,
0x000002117f905800, 0x000002117f907000, 0x000002117f913800, 0x000002117f916800,
0x000002117f938800, 0x000002117fa91000, 0x000002117faa5800
}

Java Threads: ( => current thread )
=>0x000002115b583000 JavaThread "main" [_thread_in_vm, id=10576, stack(0x000000a265900000,0x000000a265a00000)]
  0x000002117f8a3000 JavaThread "Reference Handler" daemon [_thread_blocked, id=19812, stack(0x000000a266000000,0x000000a266100000)]
  0x000002117f8ab800 JavaThread "Finalizer" daemon [_thread_blocked, id=12916, stack(0x000000a266100000,0x000000a266200000)]
  0x000002117f900800 JavaThread "Signal Dispatcher" daemon [_thread_blocked, id=21724, stack(0x000000a266200000,0x000000a266300000)]
  0x000002117f905800 JavaThread "Attach Listener" daemon [_thread_blocked, id=16952, stack(0x000000a266300000,0x000000a266400000)]
  0x000002117f907000 JavaThread "Service Thread" daemon [_thread_blocked, id=8820, stack(0x000000a266400000,0x000000a266500000)]
  0x000002117f913800 JavaThread "C2 CompilerThread0" daemon [_thread_blocked, id=7892, stack(0x000000a266500000,0x000000a266600000)]
  0x000002117f916800 JavaThread "C1 CompilerThread0" daemon [_thread_blocked, id=15740, stack(0x000000a266600000,0x000000a266700000)]
  0x000002117f938800 JavaThread "Sweeper thread" daemon [_thread_blocked, id=2920, stack(0x000000a266700000,0x000000a266800000)]
  0x000002117fa91000 JavaThread "Common-Cleaner" daemon [_thread_blocked, id=9600, stack(0x000000a266800000,0x000000a266900000)]
  0x000002117faa5800 JavaThread "C2 CompilerThread1" daemon [_thread_blocked, id=10600, stack(0x000000a266900000,0x000000a266a00000)]

Other Threads:
  0x000002117f87d000 VMThread "VM Thread" [stack: 0x000000a265f00000,0x000000a266000000] [id=10868]
  0x000002115b59b800 GCTaskThread "GC Thread#0" [stack: 0x000000a265a00000,0x000000a265b00000] [id=9240]
  0x000002115b61c800 ConcurrentGCThread "G1 Main Marker" [stack: 0x000000a265b00000,0x000000a265c00000] [id=6464]
  0x000002115b61e000 ConcurrentGCThread "G1 Conc#0" [stack: 0x000000a265c00000,0x000000a265d00000] [id=18140]
  0x000002117eedc800 ConcurrentGCThread "G1 Refine#0" [stack: 0x000000a265d00000,0x000000a265e00000] [id=19604]
  0x000002117eedd800 ConcurrentGCThread "G1 Young RemSet Sampling" [stack: 0x000000a265e00000,0x000000a265f00000] [id=23332]

Threads with active compile tasks:

VM state:not at safepoint (normal execution)

VM Mutex/Monitor currently owned by a thread: None

Heap address: 0x0000000602e00000, size: 8146 MB, Compressed Oops mode: Zero based, Oop shift amount: 3
Narrow klass base: 0x0000000800000000, Narrow klass shift: 0
Compressed class space size: 1073741824 Address: 0x0000000800000000

Heap:
 garbage-first heap   total 522240K, used 2048K [0x0000000602e00000, 0x0000000800000000)
  region size 2048K, 2 young (4096K), 0 survivors (0K)
 Metaspace       used 6702K, capacity 6850K, committed 7168K, reserved 1056768K
  class space    used 582K, capacity 643K, committed 768K, reserved 1048576K
Heap Regions: E=young(eden), S=young(survivor), O=old, HS=humongous(starts), HC=humongous(continues), CS=collection set, F=free, A=archive, TAMS=top-at-mark-start (previous, next)
|   0|0x0000000602e00000, 0x0000000602e00000, 0x0000000603000000|  0%| F|  |TAMS 0x0000000602e00000, 0x0000000602e00000| Untracked 
|   1|0x0000000603000000, 0x0000000603000000, 0x0000000603200000|  0%| F|  |TAMS 0x0000000603000000, 0x0000000603000000| Untracked 
|   2|0x0000000603200000, 0x0000000603200000, 0x0000000603400000|  0%| F|  |TAMS 0x0000000603200000, 0x0000000603200000| Untracked 
|   3|0x0000000603400000, 0x0000000603400000, 0x0000000603600000|  0%| F|  |TAMS 0x0000000603400000, 0x0000000603400000| Untracked 
|   4|0x0000000603600000, 0x0000000603600000, 0x0000000603800000|  0%| F|  |TAMS 0x0000000603600000, 0x0000000603600000| Untracked 
|   5|0x0000000603800000, 0x0000000603800000, 0x0000000603a00000|  0%| F|  |TAMS 0x0000000603800000, 0x0000000603800000| Untracked 
|   6|0x0000000603a00000, 0x0000000603a00000, 0x0000000603c00000|  0%| F|  |TAMS 0x0000000603a00000, 0x0000000603a00000| Untracked 
|   7|0x0000000603c00000, 0x0000000603c00000, 0x0000000603e00000|  0%| F|  |TAMS 0x0000000603c00000, 0x0000000603c00000| Untracked 
|   8|0x0000000603e00000, 0x0000000603e00000, 0x0000000604000000|  0%| F|  |TAMS 0x0000000603e00000, 0x0000000603e00000| Untracked 
|   9|0x0000000604000000, 0x0000000604000000, 0x0000000604200000|  0%| F|  |TAMS 0x0000000604000000, 0x0000000604000000| Untracked 
|  10|0x0000000604200000, 0x0000000604200000, 0x0000000604400000|  0%| F|  |TAMS 0x0000000604200000, 0x0000000604200000| Untracked 
|  11|0x0000000604400000, 0x0000000604400000, 0x0000000604600000|  0%| F|  |TAMS 0x0000000604400000, 0x0000000604400000| Untracked 
|  12|0x0000000604600000, 0x0000000604600000, 0x0000000604800000|  0%| F|  |TAMS 0x0000000604600000, 0x0000000604600000| Untracked 
|  13|0x0000000604800000, 0x0000000604800000, 0x0000000604a00000|  0%| F|  |TAMS 0x0000000604800000, 0x0000000604800000| Untracked 
|  14|0x0000000604a00000, 0x0000000604a00000, 0x0000000604c00000|  0%| F|  |TAMS 0x0000000604a00000, 0x0000000604a00000| Untracked 
|  15|0x0000000604c00000, 0x0000000604c00000, 0x0000000604e00000|  0%| F|  |TAMS 0x0000000604c00000, 0x0000000604c00000| Untracked 
|  16|0x0000000604e00000, 0x0000000604e00000, 0x0000000605000000|  0%| F|  |TAMS 0x0000000604e00000, 0x0000000604e00000| Untracked 
|  17|0x0000000605000000, 0x0000000605000000, 0x0000000605200000|  0%| F|  |TAMS 0x0000000605000000, 0x0000000605000000| Untracked 
|  18|0x0000000605200000, 0x0000000605200000, 0x0000000605400000|  0%| F|  |TAMS 0x0000000605200000, 0x0000000605200000| Untracked 
|  19|0x0000000605400000, 0x0000000605400000, 0x0000000605600000|  0%| F|  |TAMS 0x0000000605400000, 0x0000000605400000| Untracked 
|  20|0x0000000605600000, 0x0000000605600000, 0x0000000605800000|  0%| F|  |TAMS 0x0000000605600000, 0x0000000605600000| Untracked 
|  21|0x0000000605800000, 0x0000000605800000, 0x0000000605a00000|  0%| F|  |TAMS 0x0000000605800000, 0x0000000605800000| Untracked 
|  22|0x0000000605a00000, 0x0000000605a00000, 0x0000000605c00000|  0%| F|  |TAMS 0x0000000605a00000, 0x0000000605a00000| Untracked 
|  23|0x0000000605c00000, 0x0000000605c00000, 0x0000000605e00000|  0%| F|  |TAMS 0x0000000605c00000, 0x0000000605c00000| Untracked 
|  24|0x0000000605e00000, 0x0000000605e00000, 0x0000000606000000|  0%| F|  |TAMS 0x0000000605e00000, 0x0000000605e00000| Untracked 
|  25|0x0000000606000000, 0x0000000606000000, 0x0000000606200000|  0%| F|  |TAMS 0x0000000606000000, 0x0000000606000000| Untracked 
|  26|0x0000000606200000, 0x0000000606200000, 0x0000000606400000|  0%| F|  |TAMS 0x0000000606200000, 0x0000000606200000| Untracked 
|  27|0x0000000606400000, 0x0000000606400000, 0x0000000606600000|  0%| F|  |TAMS 0x0000000606400000, 0x0000000606400000| Untracked 
|  28|0x0000000606600000, 0x0000000606600000, 0x0000000606800000|  0%| F|  |TAMS 0x0000000606600000, 0x0000000606600000| Untracked 
|  29|0x0000000606800000, 0x0000000606800000, 0x0000000606a00000|  0%| F|  |TAMS 0x0000000606800000, 0x0000000606800000| Untracked 
|  30|0x0000000606a00000, 0x0000000606a00000, 0x0000000606c00000|  0%| F|  |TAMS 0x0000000606a00000, 0x0000000606a00000| Untracked 
|  31|0x0000000606c00000, 0x0000000606c00000, 0x0000000606e00000|  0%| F|  |TAMS 0x0000000606c00000, 0x0000000606c00000| Untracked 
|  32|0x0000000606e00000, 0x0000000606e00000, 0x0000000607000000|  0%| F|  |TAMS 0x0000000606e00000, 0x0000000606e00000| Untracked 
|  33|0x0000000607000000, 0x0000000607000000, 0x0000000607200000|  0%| F|  |TAMS 0x0000000607000000, 0x0000000607000000| Untracked 
|  34|0x0000000607200000, 0x0000000607200000, 0x0000000607400000|  0%| F|  |TAMS 0x0000000607200000, 0x0000000607200000| Untracked 
|  35|0x0000000607400000, 0x0000000607400000, 0x0000000607600000|  0%| F|  |TAMS 0x0000000607400000, 0x0000000607400000| Untracked 
|  36|0x0000000607600000, 0x0000000607600000, 0x0000000607800000|  0%| F|  |TAMS 0x0000000607600000, 0x0000000607600000| Untracked 
|  37|0x0000000607800000, 0x0000000607800000, 0x0000000607a00000|  0%| F|  |TAMS 0x0000000607800000, 0x0000000607800000| Untracked 
|  38|0x0000000607a00000, 0x0000000607a00000, 0x0000000607c00000|  0%| F|  |TAMS 0x0000000607a00000, 0x0000000607a00000| Untracked 
|  39|0x0000000607c00000, 0x0000000607c00000, 0x0000000607e00000|  0%| F|  |TAMS 0x0000000607c00000, 0x0000000607c00000| Untracked 
|  40|0x0000000607e00000, 0x0000000607e00000, 0x0000000608000000|  0%| F|  |TAMS 0x0000000607e00000, 0x0000000607e00000| Untracked 
|  41|0x0000000608000000, 0x0000000608000000, 0x0000000608200000|  0%| F|  |TAMS 0x0000000608000000, 0x0000000608000000| Untracked 
|  42|0x0000000608200000, 0x0000000608200000, 0x0000000608400000|  0%| F|  |TAMS 0x0000000608200000, 0x0000000608200000| Untracked 
|  43|0x0000000608400000, 0x0000000608400000, 0x0000000608600000|  0%| F|  |TAMS 0x0000000608400000, 0x0000000608400000| Untracked 
|  44|0x0000000608600000, 0x0000000608600000, 0x0000000608800000|  0%| F|  |TAMS 0x0000000608600000, 0x0000000608600000| Untracked 
|  45|0x0000000608800000, 0x0000000608800000, 0x0000000608a00000|  0%| F|  |TAMS 0x0000000608800000, 0x0000000608800000| Untracked 
|  46|0x0000000608a00000, 0x0000000608a00000, 0x0000000608c00000|  0%| F|  |TAMS 0x0000000608a00000, 0x0000000608a00000| Untracked 
|  47|0x0000000608c00000, 0x0000000608c00000, 0x0000000608e00000|  0%| F|  |TAMS 0x0000000608c00000, 0x0000000608c00000| Untracked 
|  48|0x0000000608e00000, 0x0000000608e00000, 0x0000000609000000|  0%| F|  |TAMS 0x0000000608e00000, 0x0000000608e00000| Untracked 
|  49|0x0000000609000000, 0x0000000609000000, 0x0000000609200000|  0%| F|  |TAMS 0x0000000609000000, 0x0000000609000000| Untracked 
|  50|0x0000000609200000, 0x0000000609200000, 0x0000000609400000|  0%| F|  |TAMS 0x0000000609200000, 0x0000000609200000| Untracked 
|  51|0x0000000609400000, 0x0000000609400000, 0x0000000609600000|  0%| F|  |TAMS 0x0000000609400000, 0x0000000609400000| Untracked 
|  52|0x0000000609600000, 0x0000000609600000, 0x0000000609800000|  0%| F|  |TAMS 0x0000000609600000, 0x0000000609600000| Untracked 
|  53|0x0000000609800000, 0x0000000609800000, 0x0000000609a00000|  0%| F|  |TAMS 0x0000000609800000, 0x0000000609800000| Untracked 
|  54|0x0000000609a00000, 0x0000000609a00000, 0x0000000609c00000|  0%| F|  |TAMS 0x0000000609a00000, 0x0000000609a00000| Untracked 
|  55|0x0000000609c00000, 0x0000000609c00000, 0x0000000609e00000|  0%| F|  |TAMS 0x0000000609c00000, 0x0000000609c00000| Untracked 
|  56|0x0000000609e00000, 0x0000000609e00000, 0x000000060a000000|  0%| F|  |TAMS 0x0000000609e00000, 0x0000000609e00000| Untracked 
|  57|0x000000060a000000, 0x000000060a000000, 0x000000060a200000|  0%| F|  |TAMS 0x000000060a000000, 0x000000060a000000| Untracked 
|  58|0x000000060a200000, 0x000000060a200000, 0x000000060a400000|  0%| F|  |TAMS 0x000000060a200000, 0x000000060a200000| Untracked 
|  59|0x000000060a400000, 0x000000060a400000, 0x000000060a600000|  0%| F|  |TAMS 0x000000060a400000, 0x000000060a400000| Untracked 
|  60|0x000000060a600000, 0x000000060a600000, 0x000000060a800000|  0%| F|  |TAMS 0x000000060a600000, 0x000000060a600000| Untracked 
|  61|0x000000060a800000, 0x000000060a800000, 0x000000060aa00000|  0%| F|  |TAMS 0x000000060a800000, 0x000000060a800000| Untracked 
|  62|0x000000060aa00000, 0x000000060aa00000, 0x000000060ac00000|  0%| F|  |TAMS 0x000000060aa00000, 0x000000060aa00000| Untracked 
|  63|0x000000060ac00000, 0x000000060ac00000, 0x000000060ae00000|  0%| F|  |TAMS 0x000000060ac00000, 0x000000060ac00000| Untracked 
|  64|0x000000060ae00000, 0x000000060ae00000, 0x000000060b000000|  0%| F|  |TAMS 0x000000060ae00000, 0x000000060ae00000| Untracked 
|  65|0x000000060b000000, 0x000000060b000000, 0x000000060b200000|  0%| F|  |TAMS 0x000000060b000000, 0x000000060b000000| Untracked 
|  66|0x000000060b200000, 0x000000060b200000, 0x000000060b400000|  0%| F|  |TAMS 0x000000060b200000, 0x000000060b200000| Untracked 
|  67|0x000000060b400000, 0x000000060b400000, 0x000000060b600000|  0%| F|  |TAMS 0x000000060b400000, 0x000000060b400000| Untracked 
|  68|0x000000060b600000, 0x000000060b600000, 0x000000060b800000|  0%| F|  |TAMS 0x000000060b600000, 0x000000060b600000| Untracked 
|  69|0x000000060b800000, 0x000000060b800000, 0x000000060ba00000|  0%| F|  |TAMS 0x000000060b800000, 0x000000060b800000| Untracked 
|  70|0x000000060ba00000, 0x000000060ba00000, 0x000000060bc00000|  0%| F|  |TAMS 0x000000060ba00000, 0x000000060ba00000| Untracked 
|  71|0x000000060bc00000, 0x000000060bc00000, 0x000000060be00000|  0%| F|  |TAMS 0x000000060bc00000, 0x000000060bc00000| Untracked 
|  72|0x000000060be00000, 0x000000060be00000, 0x000000060c000000|  0%| F|  |TAMS 0x000000060be00000, 0x000000060be00000| Untracked 
|  73|0x000000060c000000, 0x000000060c000000, 0x000000060c200000|  0%| F|  |TAMS 0x000000060c000000, 0x000000060c000000| Untracked 
|  74|0x000000060c200000, 0x000000060c200000, 0x000000060c400000|  0%| F|  |TAMS 0x000000060c200000, 0x000000060c200000| Untracked 
|  75|0x000000060c400000, 0x000000060c400000, 0x000000060c600000|  0%| F|  |TAMS 0x000000060c400000, 0x000000060c400000| Untracked 
|  76|0x000000060c600000, 0x000000060c600000, 0x000000060c800000|  0%| F|  |TAMS 0x000000060c600000, 0x000000060c600000| Untracked 
|  77|0x000000060c800000, 0x000000060c800000, 0x000000060ca00000|  0%| F|  |TAMS 0x000000060c800000, 0x000000060c800000| Untracked 
|  78|0x000000060ca00000, 0x000000060ca00000, 0x000000060cc00000|  0%| F|  |TAMS 0x000000060ca00000, 0x000000060ca00000| Untracked 
|  79|0x000000060cc00000, 0x000000060cc00000, 0x000000060ce00000|  0%| F|  |TAMS 0x000000060cc00000, 0x000000060cc00000| Untracked 
|  80|0x000000060ce00000, 0x000000060ce00000, 0x000000060d000000|  0%| F|  |TAMS 0x000000060ce00000, 0x000000060ce00000| Untracked 
|  81|0x000000060d000000, 0x000000060d000000, 0x000000060d200000|  0%| F|  |TAMS 0x000000060d000000, 0x000000060d000000| Untracked 
|  82|0x000000060d200000, 0x000000060d200000, 0x000000060d400000|  0%| F|  |TAMS 0x000000060d200000, 0x000000060d200000| Untracked 
|  83|0x000000060d400000, 0x000000060d400000, 0x000000060d600000|  0%| F|  |TAMS 0x000000060d400000, 0x000000060d400000| Untracked 
|  84|0x000000060d600000, 0x000000060d600000, 0x000000060d800000|  0%| F|  |TAMS 0x000000060d600000, 0x000000060d600000| Untracked 
|  85|0x000000060d800000, 0x000000060d800000, 0x000000060da00000|  0%| F|  |TAMS 0x000000060d800000, 0x000000060d800000| Untracked 
|  86|0x000000060da00000, 0x000000060da00000, 0x000000060dc00000|  0%| F|  |TAMS 0x000000060da00000, 0x000000060da00000| Untracked 
|  87|0x000000060dc00000, 0x000000060dc00000, 0x000000060de00000|  0%| F|  |TAMS 0x000000060dc00000, 0x000000060dc00000| Untracked 
|  88|0x000000060de00000, 0x000000060de00000, 0x000000060e000000|  0%| F|  |TAMS 0x000000060de00000, 0x000000060de00000| Untracked 
|  89|0x000000060e000000, 0x000000060e000000, 0x000000060e200000|  0%| F|  |TAMS 0x000000060e000000, 0x000000060e000000| Untracked 
|  90|0x000000060e200000, 0x000000060e200000, 0x000000060e400000|  0%| F|  |TAMS 0x000000060e200000, 0x000000060e200000| Untracked 
|  91|0x000000060e400000, 0x000000060e400000, 0x000000060e600000|  0%| F|  |TAMS 0x000000060e400000, 0x000000060e400000| Untracked 
|  92|0x000000060e600000, 0x000000060e600000, 0x000000060e800000|  0%| F|  |TAMS 0x000000060e600000, 0x000000060e600000| Untracked 
|  93|0x000000060e800000, 0x000000060e800000, 0x000000060ea00000|  0%| F|  |TAMS 0x000000060e800000, 0x000000060e800000| Untracked 
|  94|0x000000060ea00000, 0x000000060ea00000, 0x000000060ec00000|  0%| F|  |TAMS 0x000000060ea00000, 0x000000060ea00000| Untracked 
|  95|0x000000060ec00000, 0x000000060ec00000, 0x000000060ee00000|  0%| F|  |TAMS 0x000000060ec00000, 0x000000060ec00000| Untracked 
|  96|0x000000060ee00000, 0x000000060ee00000, 0x000000060f000000|  0%| F|  |TAMS 0x000000060ee00000, 0x000000060ee00000| Untracked 
|  97|0x000000060f000000, 0x000000060f000000, 0x000000060f200000|  0%| F|  |TAMS 0x000000060f000000, 0x000000060f000000| Untracked 
|  98|0x000000060f200000, 0x000000060f200000, 0x000000060f400000|  0%| F|  |TAMS 0x000000060f200000, 0x000000060f200000| Untracked 
|  99|0x000000060f400000, 0x000000060f400000, 0x000000060f600000|  0%| F|  |TAMS 0x000000060f400000, 0x000000060f400000| Untracked 
| 100|0x000000060f600000, 0x000000060f600000, 0x000000060f800000|  0%| F|  |TAMS 0x000000060f600000, 0x000000060f600000| Untracked 
| 101|0x000000060f800000, 0x000000060f800000, 0x000000060fa00000|  0%| F|  |TAMS 0x000000060f800000, 0x000000060f800000| Untracked 
| 102|0x000000060fa00000, 0x000000060fa00000, 0x000000060fc00000|  0%| F|  |TAMS 0x000000060fa00000, 0x000000060fa00000| Untracked 
| 103|0x000000060fc00000, 0x000000060fc00000, 0x000000060fe00000|  0%| F|  |TAMS 0x000000060fc00000, 0x000000060fc00000| Untracked 
| 104|0x000000060fe00000, 0x000000060fe00000, 0x0000000610000000|  0%| F|  |TAMS 0x000000060fe00000, 0x000000060fe00000| Untracked 
| 105|0x0000000610000000, 0x0000000610000000, 0x0000000610200000|  0%| F|  |TAMS 0x0000000610000000, 0x0000000610000000| Untracked 
| 106|0x0000000610200000, 0x0000000610200000, 0x0000000610400000|  0%| F|  |TAMS 0x0000000610200000, 0x0000000610200000| Untracked 
| 107|0x0000000610400000, 0x0000000610400000, 0x0000000610600000|  0%| F|  |TAMS 0x0000000610400000, 0x0000000610400000| Untracked 
| 108|0x0000000610600000, 0x0000000610600000, 0x0000000610800000|  0%| F|  |TAMS 0x0000000610600000, 0x0000000610600000| Untracked 
| 109|0x0000000610800000, 0x0000000610800000, 0x0000000610a00000|  0%| F|  |TAMS 0x0000000610800000, 0x0000000610800000| Untracked 
| 110|0x0000000610a00000, 0x0000000610a00000, 0x0000000610c00000|  0%| F|  |TAMS 0x0000000610a00000, 0x0000000610a00000| Untracked 
| 111|0x0000000610c00000, 0x0000000610c00000, 0x0000000610e00000|  0%| F|  |TAMS 0x0000000610c00000, 0x0000000610c00000| Untracked 
| 112|0x0000000610e00000, 0x0000000610e00000, 0x0000000611000000|  0%| F|  |TAMS 0x0000000610e00000, 0x0000000610e00000| Untracked 
| 113|0x0000000611000000, 0x0000000611000000, 0x0000000611200000|  0%| F|  |TAMS 0x0000000611000000, 0x0000000611000000| Untracked 
| 114|0x0000000611200000, 0x0000000611200000, 0x0000000611400000|  0%| F|  |TAMS 0x0000000611200000, 0x0000000611200000| Untracked 
| 115|0x0000000611400000, 0x0000000611400000, 0x0000000611600000|  0%| F|  |TAMS 0x0000000611400000, 0x0000000611400000| Untracked 
| 116|0x0000000611600000, 0x0000000611600000, 0x0000000611800000|  0%| F|  |TAMS 0x0000000611600000, 0x0000000611600000| Untracked 
| 117|0x0000000611800000, 0x0000000611800000, 0x0000000611a00000|  0%| F|  |TAMS 0x0000000611800000, 0x0000000611800000| Untracked 
| 118|0x0000000611a00000, 0x0000000611a00000, 0x0000000611c00000|  0%| F|  |TAMS 0x0000000611a00000, 0x0000000611a00000| Untracked 
| 119|0x0000000611c00000, 0x0000000611c00000, 0x0000000611e00000|  0%| F|  |TAMS 0x0000000611c00000, 0x0000000611c00000| Untracked 
| 120|0x0000000611e00000, 0x0000000611e00000, 0x0000000612000000|  0%| F|  |TAMS 0x0000000611e00000, 0x0000000611e00000| Untracked 
| 121|0x0000000612000000, 0x0000000612000000, 0x0000000612200000|  0%| F|  |TAMS 0x0000000612000000, 0x0000000612000000| Untracked 
| 122|0x0000000612200000, 0x0000000612200000, 0x0000000612400000|  0%| F|  |TAMS 0x0000000612200000, 0x0000000612200000| Untracked 
| 123|0x0000000612400000, 0x0000000612400000, 0x0000000612600000|  0%| F|  |TAMS 0x0000000612400000, 0x0000000612400000| Untracked 
| 124|0x0000000612600000, 0x0000000612600000, 0x0000000612800000|  0%| F|  |TAMS 0x0000000612600000, 0x0000000612600000| Untracked 
| 125|0x0000000612800000, 0x0000000612800000, 0x0000000612a00000|  0%| F|  |TAMS 0x0000000612800000, 0x0000000612800000| Untracked 
| 126|0x0000000612a00000, 0x0000000612a00000, 0x0000000612c00000|  0%| F|  |TAMS 0x0000000612a00000, 0x0000000612a00000| Untracked 
| 127|0x0000000612c00000, 0x0000000612c00000, 0x0000000612e00000|  0%| F|  |TAMS 0x0000000612c00000, 0x0000000612c00000| Untracked 
| 128|0x0000000612e00000, 0x0000000612e00000, 0x0000000613000000|  0%| F|  |TAMS 0x0000000612e00000, 0x0000000612e00000| Untracked 
| 129|0x0000000613000000, 0x0000000613000000, 0x0000000613200000|  0%| F|  |TAMS 0x0000000613000000, 0x0000000613000000| Untracked 
| 130|0x0000000613200000, 0x0000000613200000, 0x0000000613400000|  0%| F|  |TAMS 0x0000000613200000, 0x0000000613200000| Untracked 
| 131|0x0000000613400000, 0x0000000613400000, 0x0000000613600000|  0%| F|  |TAMS 0x0000000613400000, 0x0000000613400000| Untracked 
| 132|0x0000000613600000, 0x0000000613600000, 0x0000000613800000|  0%| F|  |TAMS 0x0000000613600000, 0x0000000613600000| Untracked 
| 133|0x0000000613800000, 0x0000000613800000, 0x0000000613a00000|  0%| F|  |TAMS 0x0000000613800000, 0x0000000613800000| Untracked 
| 134|0x0000000613a00000, 0x0000000613a00000, 0x0000000613c00000|  0%| F|  |TAMS 0x0000000613a00000, 0x0000000613a00000| Untracked 
| 135|0x0000000613c00000, 0x0000000613c00000, 0x0000000613e00000|  0%| F|  |TAMS 0x0000000613c00000, 0x0000000613c00000| Untracked 
| 136|0x0000000613e00000, 0x0000000613e00000, 0x0000000614000000|  0%| F|  |TAMS 0x0000000613e00000, 0x0000000613e00000| Untracked 
| 137|0x0000000614000000, 0x0000000614000000, 0x0000000614200000|  0%| F|  |TAMS 0x0000000614000000, 0x0000000614000000| Untracked 
| 138|0x0000000614200000, 0x0000000614200000, 0x0000000614400000|  0%| F|  |TAMS 0x0000000614200000, 0x0000000614200000| Untracked 
| 139|0x0000000614400000, 0x0000000614400000, 0x0000000614600000|  0%| F|  |TAMS 0x0000000614400000, 0x0000000614400000| Untracked 
| 140|0x0000000614600000, 0x0000000614600000, 0x0000000614800000|  0%| F|  |TAMS 0x0000000614600000, 0x0000000614600000| Untracked 
| 141|0x0000000614800000, 0x0000000614800000, 0x0000000614a00000|  0%| F|  |TAMS 0x0000000614800000, 0x0000000614800000| Untracked 
| 142|0x0000000614a00000, 0x0000000614a00000, 0x0000000614c00000|  0%| F|  |TAMS 0x0000000614a00000, 0x0000000614a00000| Untracked 
| 143|0x0000000614c00000, 0x0000000614c00000, 0x0000000614e00000|  0%| F|  |TAMS 0x0000000614c00000, 0x0000000614c00000| Untracked 
| 144|0x0000000614e00000, 0x0000000614e00000, 0x0000000615000000|  0%| F|  |TAMS 0x0000000614e00000, 0x0000000614e00000| Untracked 
| 145|0x0000000615000000, 0x0000000615000000, 0x0000000615200000|  0%| F|  |TAMS 0x0000000615000000, 0x0000000615000000| Untracked 
| 146|0x0000000615200000, 0x0000000615200000, 0x0000000615400000|  0%| F|  |TAMS 0x0000000615200000, 0x0000000615200000| Untracked 
| 147|0x0000000615400000, 0x0000000615400000, 0x0000000615600000|  0%| F|  |TAMS 0x0000000615400000, 0x0000000615400000| Untracked 
| 148|0x0000000615600000, 0x0000000615600000, 0x0000000615800000|  0%| F|  |TAMS 0x0000000615600000, 0x0000000615600000| Untracked 
| 149|0x0000000615800000, 0x0000000615800000, 0x0000000615a00000|  0%| F|  |TAMS 0x0000000615800000, 0x0000000615800000| Untracked 
| 150|0x0000000615a00000, 0x0000000615a00000, 0x0000000615c00000|  0%| F|  |TAMS 0x0000000615a00000, 0x0000000615a00000| Untracked 
| 151|0x0000000615c00000, 0x0000000615c00000, 0x0000000615e00000|  0%| F|  |TAMS 0x0000000615c00000, 0x0000000615c00000| Untracked 
| 152|0x0000000615e00000, 0x0000000615e00000, 0x0000000616000000|  0%| F|  |TAMS 0x0000000615e00000, 0x0000000615e00000| Untracked 
| 153|0x0000000616000000, 0x0000000616000000, 0x0000000616200000|  0%| F|  |TAMS 0x0000000616000000, 0x0000000616000000| Untracked 
| 154|0x0000000616200000, 0x0000000616200000, 0x0000000616400000|  0%| F|  |TAMS 0x0000000616200000, 0x0000000616200000| Untracked 
| 155|0x0000000616400000, 0x0000000616400000, 0x0000000616600000|  0%| F|  |TAMS 0x0000000616400000, 0x0000000616400000| Untracked 
| 156|0x0000000616600000, 0x0000000616600000, 0x0000000616800000|  0%| F|  |TAMS 0x0000000616600000, 0x0000000616600000| Untracked 
| 157|0x0000000616800000, 0x0000000616800000, 0x0000000616a00000|  0%| F|  |TAMS 0x0000000616800000, 0x0000000616800000| Untracked 
| 158|0x0000000616a00000, 0x0000000616a00000, 0x0000000616c00000|  0%| F|  |TAMS 0x0000000616a00000, 0x0000000616a00000| Untracked 
| 159|0x0000000616c00000, 0x0000000616c00000, 0x0000000616e00000|  0%| F|  |TAMS 0x0000000616c00000, 0x0000000616c00000| Untracked 
| 160|0x0000000616e00000, 0x0000000616e00000, 0x0000000617000000|  0%| F|  |TAMS 0x0000000616e00000, 0x0000000616e00000| Untracked 
| 161|0x0000000617000000, 0x0000000617000000, 0x0000000617200000|  0%| F|  |TAMS 0x0000000617000000, 0x0000000617000000| Untracked 
| 162|0x0000000617200000, 0x0000000617200000, 0x0000000617400000|  0%| F|  |TAMS 0x0000000617200000, 0x0000000617200000| Untracked 
| 163|0x0000000617400000, 0x0000000617400000, 0x0000000617600000|  0%| F|  |TAMS 0x0000000617400000, 0x0000000617400000| Untracked 
| 164|0x0000000617600000, 0x0000000617600000, 0x0000000617800000|  0%| F|  |TAMS 0x0000000617600000, 0x0000000617600000| Untracked 
| 165|0x0000000617800000, 0x0000000617800000, 0x0000000617a00000|  0%| F|  |TAMS 0x0000000617800000, 0x0000000617800000| Untracked 
| 166|0x0000000617a00000, 0x0000000617a00000, 0x0000000617c00000|  0%| F|  |TAMS 0x0000000617a00000, 0x0000000617a00000| Untracked 
| 167|0x0000000617c00000, 0x0000000617c00000, 0x0000000617e00000|  0%| F|  |TAMS 0x0000000617c00000, 0x0000000617c00000| Untracked 
| 168|0x0000000617e00000, 0x0000000617e00000, 0x0000000618000000|  0%| F|  |TAMS 0x0000000617e00000, 0x0000000617e00000| Untracked 
| 169|0x0000000618000000, 0x0000000618000000, 0x0000000618200000|  0%| F|  |TAMS 0x0000000618000000, 0x0000000618000000| Untracked 
| 170|0x0000000618200000, 0x0000000618200000, 0x0000000618400000|  0%| F|  |TAMS 0x0000000618200000, 0x0000000618200000| Untracked 
| 171|0x0000000618400000, 0x0000000618400000, 0x0000000618600000|  0%| F|  |TAMS 0x0000000618400000, 0x0000000618400000| Untracked 
| 172|0x0000000618600000, 0x0000000618600000, 0x0000000618800000|  0%| F|  |TAMS 0x0000000618600000, 0x0000000618600000| Untracked 
| 173|0x0000000618800000, 0x0000000618800000, 0x0000000618a00000|  0%| F|  |TAMS 0x0000000618800000, 0x0000000618800000| Untracked 
| 174|0x0000000618a00000, 0x0000000618a00000, 0x0000000618c00000|  0%| F|  |TAMS 0x0000000618a00000, 0x0000000618a00000| Untracked 
| 175|0x0000000618c00000, 0x0000000618c00000, 0x0000000618e00000|  0%| F|  |TAMS 0x0000000618c00000, 0x0000000618c00000| Untracked 
| 176|0x0000000618e00000, 0x0000000618e00000, 0x0000000619000000|  0%| F|  |TAMS 0x0000000618e00000, 0x0000000618e00000| Untracked 
| 177|0x0000000619000000, 0x0000000619000000, 0x0000000619200000|  0%| F|  |TAMS 0x0000000619000000, 0x0000000619000000| Untracked 
| 178|0x0000000619200000, 0x0000000619200000, 0x0000000619400000|  0%| F|  |TAMS 0x0000000619200000, 0x0000000619200000| Untracked 
| 179|0x0000000619400000, 0x0000000619400000, 0x0000000619600000|  0%| F|  |TAMS 0x0000000619400000, 0x0000000619400000| Untracked 
| 180|0x0000000619600000, 0x0000000619600000, 0x0000000619800000|  0%| F|  |TAMS 0x0000000619600000, 0x0000000619600000| Untracked 
| 181|0x0000000619800000, 0x0000000619800000, 0x0000000619a00000|  0%| F|  |TAMS 0x0000000619800000, 0x0000000619800000| Untracked 
| 182|0x0000000619a00000, 0x0000000619a00000, 0x0000000619c00000|  0%| F|  |TAMS 0x0000000619a00000, 0x0000000619a00000| Untracked 
| 183|0x0000000619c00000, 0x0000000619c00000, 0x0000000619e00000|  0%| F|  |TAMS 0x0000000619c00000, 0x0000000619c00000| Untracked 
| 184|0x0000000619e00000, 0x0000000619e00000, 0x000000061a000000|  0%| F|  |TAMS 0x0000000619e00000, 0x0000000619e00000| Untracked 
| 185|0x000000061a000000, 0x000000061a000000, 0x000000061a200000|  0%| F|  |TAMS 0x000000061a000000, 0x000000061a000000| Untracked 
| 186|0x000000061a200000, 0x000000061a200000, 0x000000061a400000|  0%| F|  |TAMS 0x000000061a200000, 0x000000061a200000| Untracked 
| 187|0x000000061a400000, 0x000000061a400000, 0x000000061a600000|  0%| F|  |TAMS 0x000000061a400000, 0x000000061a400000| Untracked 
| 188|0x000000061a600000, 0x000000061a600000, 0x000000061a800000|  0%| F|  |TAMS 0x000000061a600000, 0x000000061a600000| Untracked 
| 189|0x000000061a800000, 0x000000061a800000, 0x000000061aa00000|  0%| F|  |TAMS 0x000000061a800000, 0x000000061a800000| Untracked 
| 190|0x000000061aa00000, 0x000000061aa00000, 0x000000061ac00000|  0%| F|  |TAMS 0x000000061aa00000, 0x000000061aa00000| Untracked 
| 191|0x000000061ac00000, 0x000000061ac00000, 0x000000061ae00000|  0%| F|  |TAMS 0x000000061ac00000, 0x000000061ac00000| Untracked 
| 192|0x000000061ae00000, 0x000000061ae00000, 0x000000061b000000|  0%| F|  |TAMS 0x000000061ae00000, 0x000000061ae00000| Untracked 
| 193|0x000000061b000000, 0x000000061b000000, 0x000000061b200000|  0%| F|  |TAMS 0x000000061b000000, 0x000000061b000000| Untracked 
| 194|0x000000061b200000, 0x000000061b200000, 0x000000061b400000|  0%| F|  |TAMS 0x000000061b200000, 0x000000061b200000| Untracked 
| 195|0x000000061b400000, 0x000000061b400000, 0x000000061b600000|  0%| F|  |TAMS 0x000000061b400000, 0x000000061b400000| Untracked 
| 196|0x000000061b600000, 0x000000061b600000, 0x000000061b800000|  0%| F|  |TAMS 0x000000061b600000, 0x000000061b600000| Untracked 
| 197|0x000000061b800000, 0x000000061b800000, 0x000000061ba00000|  0%| F|  |TAMS 0x000000061b800000, 0x000000061b800000| Untracked 
| 198|0x000000061ba00000, 0x000000061ba00000, 0x000000061bc00000|  0%| F|  |TAMS 0x000000061ba00000, 0x000000061ba00000| Untracked 
| 199|0x000000061bc00000, 0x000000061bc00000, 0x000000061be00000|  0%| F|  |TAMS 0x000000061bc00000, 0x000000061bc00000| Untracked 
| 200|0x000000061be00000, 0x000000061be00000, 0x000000061c000000|  0%| F|  |TAMS 0x000000061be00000, 0x000000061be00000| Untracked 
| 201|0x000000061c000000, 0x000000061c000000, 0x000000061c200000|  0%| F|  |TAMS 0x000000061c000000, 0x000000061c000000| Untracked 
| 202|0x000000061c200000, 0x000000061c200000, 0x000000061c400000|  0%| F|  |TAMS 0x000000061c200000, 0x000000061c200000| Untracked 
| 203|0x000000061c400000, 0x000000061c400000, 0x000000061c600000|  0%| F|  |TAMS 0x000000061c400000, 0x000000061c400000| Untracked 
| 204|0x000000061c600000, 0x000000061c600000, 0x000000061c800000|  0%| F|  |TAMS 0x000000061c600000, 0x000000061c600000| Untracked 
| 205|0x000000061c800000, 0x000000061c800000, 0x000000061ca00000|  0%| F|  |TAMS 0x000000061c800000, 0x000000061c800000| Untracked 
| 206|0x000000061ca00000, 0x000000061ca00000, 0x000000061cc00000|  0%| F|  |TAMS 0x000000061ca00000, 0x000000061ca00000| Untracked 
| 207|0x000000061cc00000, 0x000000061cc00000, 0x000000061ce00000|  0%| F|  |TAMS 0x000000061cc00000, 0x000000061cc00000| Untracked 
| 208|0x000000061ce00000, 0x000000061ce00000, 0x000000061d000000|  0%| F|  |TAMS 0x000000061ce00000, 0x000000061ce00000| Untracked 
| 209|0x000000061d000000, 0x000000061d000000, 0x000000061d200000|  0%| F|  |TAMS 0x000000061d000000, 0x000000061d000000| Untracked 
| 210|0x000000061d200000, 0x000000061d200000, 0x000000061d400000|  0%| F|  |TAMS 0x000000061d200000, 0x000000061d200000| Untracked 
| 211|0x000000061d400000, 0x000000061d400000, 0x000000061d600000|  0%| F|  |TAMS 0x000000061d400000, 0x000000061d400000| Untracked 
| 212|0x000000061d600000, 0x000000061d600000, 0x000000061d800000|  0%| F|  |TAMS 0x000000061d600000, 0x000000061d600000| Untracked 
| 213|0x000000061d800000, 0x000000061d800000, 0x000000061da00000|  0%| F|  |TAMS 0x000000061d800000, 0x000000061d800000| Untracked 
| 214|0x000000061da00000, 0x000000061da00000, 0x000000061dc00000|  0%| F|  |TAMS 0x000000061da00000, 0x000000061da00000| Untracked 
| 215|0x000000061dc00000, 0x000000061dc00000, 0x000000061de00000|  0%| F|  |TAMS 0x000000061dc00000, 0x000000061dc00000| Untracked 
| 216|0x000000061de00000, 0x000000061de00000, 0x000000061e000000|  0%| F|  |TAMS 0x000000061de00000, 0x000000061de00000| Untracked 
| 217|0x000000061e000000, 0x000000061e000000, 0x000000061e200000|  0%| F|  |TAMS 0x000000061e000000, 0x000000061e000000| Untracked 
| 218|0x000000061e200000, 0x000000061e200000, 0x000000061e400000|  0%| F|  |TAMS 0x000000061e200000, 0x000000061e200000| Untracked 
| 219|0x000000061e400000, 0x000000061e400000, 0x000000061e600000|  0%| F|  |TAMS 0x000000061e400000, 0x000000061e400000| Untracked 
| 220|0x000000061e600000, 0x000000061e600000, 0x000000061e800000|  0%| F|  |TAMS 0x000000061e600000, 0x000000061e600000| Untracked 
| 221|0x000000061e800000, 0x000000061e800000, 0x000000061ea00000|  0%| F|  |TAMS 0x000000061e800000, 0x000000061e800000| Untracked 
| 222|0x000000061ea00000, 0x000000061ea00000, 0x000000061ec00000|  0%| F|  |TAMS 0x000000061ea00000, 0x000000061ea00000| Untracked 
| 223|0x000000061ec00000, 0x000000061ec00000, 0x000000061ee00000|  0%| F|  |TAMS 0x000000061ec00000, 0x000000061ec00000| Untracked 
| 224|0x000000061ee00000, 0x000000061ee00000, 0x000000061f000000|  0%| F|  |TAMS 0x000000061ee00000, 0x000000061ee00000| Untracked 
| 225|0x000000061f000000, 0x000000061f000000, 0x000000061f200000|  0%| F|  |TAMS 0x000000061f000000, 0x000000061f000000| Untracked 
| 226|0x000000061f200000, 0x000000061f200000, 0x000000061f400000|  0%| F|  |TAMS 0x000000061f200000, 0x000000061f200000| Untracked 
| 227|0x000000061f400000, 0x000000061f400000, 0x000000061f600000|  0%| F|  |TAMS 0x000000061f400000, 0x000000061f400000| Untracked 
| 228|0x000000061f600000, 0x000000061f600000, 0x000000061f800000|  0%| F|  |TAMS 0x000000061f600000, 0x000000061f600000| Untracked 
| 229|0x000000061f800000, 0x000000061f800000, 0x000000061fa00000|  0%| F|  |TAMS 0x000000061f800000, 0x000000061f800000| Untracked 
| 230|0x000000061fa00000, 0x000000061fa00000, 0x000000061fc00000|  0%| F|  |TAMS 0x000000061fa00000, 0x000000061fa00000| Untracked 
| 231|0x000000061fc00000, 0x000000061fc00000, 0x000000061fe00000|  0%| F|  |TAMS 0x000000061fc00000, 0x000000061fc00000| Untracked 
| 232|0x000000061fe00000, 0x000000061fe00000, 0x0000000620000000|  0%| F|  |TAMS 0x000000061fe00000, 0x000000061fe00000| Untracked 
| 233|0x0000000620000000, 0x0000000620000000, 0x0000000620200000|  0%| F|  |TAMS 0x0000000620000000, 0x0000000620000000| Untracked 
| 234|0x0000000620200000, 0x0000000620200000, 0x0000000620400000|  0%| F|  |TAMS 0x0000000620200000, 0x0000000620200000| Untracked 
| 235|0x0000000620400000, 0x0000000620400000, 0x0000000620600000|  0%| F|  |TAMS 0x0000000620400000, 0x0000000620400000| Untracked 
| 236|0x0000000620600000, 0x0000000620600000, 0x0000000620800000|  0%| F|  |TAMS 0x0000000620600000, 0x0000000620600000| Untracked 
| 237|0x0000000620800000, 0x0000000620800000, 0x0000000620a00000|  0%| F|  |TAMS 0x0000000620800000, 0x0000000620800000| Untracked 
| 238|0x0000000620a00000, 0x0000000620a00000, 0x0000000620c00000|  0%| F|  |TAMS 0x0000000620a00000, 0x0000000620a00000| Untracked 
| 239|0x0000000620c00000, 0x0000000620c00000, 0x0000000620e00000|  0%| F|  |TAMS 0x0000000620c00000, 0x0000000620c00000| Untracked 
| 240|0x0000000620e00000, 0x0000000620e00000, 0x0000000621000000|  0%| F|  |TAMS 0x0000000620e00000, 0x0000000620e00000| Untracked 
| 241|0x0000000621000000, 0x0000000621000000, 0x0000000621200000|  0%| F|  |TAMS 0x0000000621000000, 0x0000000621000000| Untracked 
| 242|0x0000000621200000, 0x0000000621200000, 0x0000000621400000|  0%| F|  |TAMS 0x0000000621200000, 0x0000000621200000| Untracked 
| 243|0x0000000621400000, 0x0000000621400000, 0x0000000621600000|  0%| F|  |TAMS 0x0000000621400000, 0x0000000621400000| Untracked 
| 244|0x0000000621600000, 0x0000000621600000, 0x0000000621800000|  0%| F|  |TAMS 0x0000000621600000, 0x0000000621600000| Untracked 
| 245|0x0000000621800000, 0x0000000621800000, 0x0000000621a00000|  0%| F|  |TAMS 0x0000000621800000, 0x0000000621800000| Untracked 
| 246|0x0000000621a00000, 0x0000000621a00000, 0x0000000621c00000|  0%| F|  |TAMS 0x0000000621a00000, 0x0000000621a00000| Untracked 
| 247|0x0000000621c00000, 0x0000000621c00000, 0x0000000621e00000|  0%| F|  |TAMS 0x0000000621c00000, 0x0000000621c00000| Untracked 
| 248|0x0000000621e00000, 0x0000000621e00000, 0x0000000622000000|  0%| F|  |TAMS 0x0000000621e00000, 0x0000000621e00000| Untracked 
| 249|0x0000000622000000, 0x0000000622000000, 0x0000000622200000|  0%| F|  |TAMS 0x0000000622000000, 0x0000000622000000| Untracked 
| 250|0x0000000622200000, 0x0000000622200000, 0x0000000622400000|  0%| F|  |TAMS 0x0000000622200000, 0x0000000622200000| Untracked 
| 251|0x0000000622400000, 0x0000000622400000, 0x0000000622600000|  0%| F|  |TAMS 0x0000000622400000, 0x0000000622400000| Untracked 
| 252|0x0000000622600000, 0x0000000622600000, 0x0000000622800000|  0%| F|  |TAMS 0x0000000622600000, 0x0000000622600000| Untracked 
| 253|0x0000000622800000, 0x00000006229714c0, 0x0000000622a00000| 72%| E|  |TAMS 0x0000000622800000, 0x0000000622800000| Complete 
| 254|0x0000000622a00000, 0x0000000622c00000, 0x0000000622c00000|100%| E|CS|TAMS 0x0000000622a00000, 0x0000000622a00000| Complete 

Card table byte_map: [0x0000021174260000,0x0000021175250000] _byte_map_base: 0x0000021171249000

Marking Bits (Prev, Next): (CMBitMap*) 0x000002115b60bf08, (CMBitMap*) 0x000002115b60bf40
 Prev Bits: [0x0000021176240000, 0x000002117e188000)
 Next Bits: [0x0000021100000000, 0x0000021107f48000)

Polling page: 0x000002115ad50000

Metaspace:

Usage:
  Non-class:      6.06 MB capacity,     5.98 MB ( 99%) used,    81.71 KB (  1%) free+waste,     4.50 KB ( <1%) overhead. 
      Class:    643.00 KB capacity,   582.12 KB ( 91%) used,    58.70 KB (  9%) free+waste,     2.19 KB ( <1%) overhead. 
       Both:      6.69 MB capacity,     6.55 MB ( 98%) used,   140.41 KB (  2%) free+waste,     6.69 KB ( <1%) overhead. 

Virtual space:
  Non-class space:        8.00 MB reserved,       6.25 MB ( 78%) committed 
      Class space:        1.00 GB reserved,     768.00 KB ( <1%) committed 
             Both:        1.01 GB reserved,       7.00 MB ( <1%) committed 

Chunk freelists:
   Non-Class:  1.00 KB
       Class:  29.00 KB
        Both:  30.00 KB

MaxMetaspaceSize: 17179869184.00 GB
CompressedClassSpaceSize: 1.00 GB
Initial GC threshold: 20.80 MB
Current GC threshold: 20.80 MB
CDS: off

CodeHeap 'non-profiled nmethods': size=120000Kb used=102Kb max_used=102Kb free=119898Kb
 bounds [0x000002116b7f0000, 0x000002116ba60000, 0x0000021172d20000]
CodeHeap 'profiled nmethods': size=120000Kb used=393Kb max_used=393Kb free=119606Kb
 bounds [0x00000211642c0000, 0x0000021164530000, 0x000002116b7f0000]
CodeHeap 'non-nmethods': size=5760Kb used=1109Kb max_used=1122Kb free=4650Kb
 bounds [0x0000021163d20000, 0x0000021163f90000, 0x00000211642c0000]
 total_blobs=669 nmethods=326 adapters=256
 compilation: enabled
              stopped_count=0, restarted_count=0
 full_count=0

Compilation events (20 events):
Event: 0.151 Thread 0x000002117faa5800 nmethod 316 0x000002116b808210 code [0x000002116b8083a0, 0x000002116b808438]
Event: 0.151 Thread 0x000002117faa5800  317       4       java.util.zip.ZipFile$Source::getEntryNext (9 bytes)
Event: 0.151 Thread 0x000002117faa5800 nmethod 317 0x000002116b808510 code [0x000002116b8086a0, 0x000002116b808738]
Event: 0.152 Thread 0x000002117f916800 nmethod 318 0x000002116431e210 code [0x000002116431e4a0, 0x000002116431f248]
Event: 0.152 Thread 0x000002117f916800  319       3       java.io.WinNTFileSystem::normalize (143 bytes)
Event: 0.152 Thread 0x000002117f916800 nmethod 319 0x000002116431f910 code [0x000002116431fba0, 0x00000211643206f8]
Event: 0.152 Thread 0x000002117f916800  320       3       sun.nio.cs.SingleByte$Encoder::encode (32 bytes)
Event: 0.152 Thread 0x000002117f916800 nmethod 320 0x0000021164320b90 code [0x0000021164320d40, 0x0000021164320ef8]
Event: 0.152 Thread 0x000002117f916800  321       1       java.nio.Buffer::position (5 bytes)
Event: 0.152 Thread 0x000002117f916800 nmethod 321 0x000002116b808810 code [0x000002116b8089c0, 0x000002116b808a78]
Event: 0.152 Thread 0x000002117f916800  322       1       java.nio.Buffer::limit (5 bytes)
Event: 0.152 Thread 0x000002117f916800 nmethod 322 0x000002116b808b10 code [0x000002116b808cc0, 0x000002116b808d78]
Event: 0.152 Thread 0x000002117f916800  323       3       java.util.Collections$UnmodifiableCollection$1::next (10 bytes)
Event: 0.153 Thread 0x000002117f916800 nmethod 323 0x0000021164321010 code [0x00000211643211c0, 0x0000021164321388]
Event: 0.153 Thread 0x000002117f916800  324       3       java.nio.Buffer::position (52 bytes)
Event: 0.153 Thread 0x000002117f916800 nmethod 324 0x0000021164321490 code [0x0000021164321660, 0x00000211643218c8]
Event: 0.153 Thread 0x000002117f916800  325       3       java.nio.ByteBuffer::arrayOffset (35 bytes)
Event: 0.153 Thread 0x000002117f916800 nmethod 325 0x0000021164321990 code [0x0000021164321b60, 0x0000021164321dd8]
Event: 0.153 Thread 0x000002117f916800  326       3       java.nio.CharBuffer::arrayOffset (35 bytes)
Event: 0.153 Thread 0x000002117f916800 nmethod 326 0x0000021164321f10 code [0x00000211643220e0, 0x0000021164322358]

GC Heap History (0 events):
No events

Deoptimization events (10 events):
Event: 0.103 Thread 0x000002115b583000 Uncommon trap: trap_request=0xffffff4d fr.pc=0x000002116b7f7c2c relative=0x000000000000018c
Event: 0.103 Thread 0x000002115b583000 Uncommon trap: reason=unstable_if action=reinterpret pc=0x000002116b7f7c2c method=java.lang.String.hashCode()I @ 22 c2
Event: 0.103 Thread 0x000002115b583000 DEOPT PACKING pc=0x000002116b7f7c2c sp=0x000000a2659fedc0
Event: 0.103 Thread 0x000002115b583000 DEOPT UNPACKING pc=0x0000021163d285af sp=0x000000a2659fed48 mode 2
Event: 0.104 Thread 0x000002115b583000 Uncommon trap: trap_request=0xffffff4d fr.pc=0x000002116b7fabac relative=0x000000000000018c
Event: 0.104 Thread 0x000002115b583000 Uncommon trap: reason=unstable_if action=reinterpret pc=0x000002116b7fabac method=java.lang.String.equals(Ljava/lang/Object;)Z @ 27 c2
Event: 0.104 Thread 0x000002115b583000 DEOPT PACKING pc=0x000002116b7fabac sp=0x000000a2659feea0
Event: 0.104 Thread 0x000002115b583000 DEOPT UNPACKING pc=0x0000021163d285af sp=0x000000a2659fee40 mode 2
Event: 0.126 Thread 0x000002115b583000 DEOPT PACKING pc=0x00000211642f824b sp=0x000000a2659fb100
Event: 0.126 Thread 0x000002115b583000 DEOPT UNPACKING pc=0x0000021163d69d0e sp=0x000000a2659fa5d0 mode 0

Classes redefined (0 events):
No events

Internal exceptions (2 events):
Event: 0.152 Thread 0x000002115b583000 Exception <a 'java/io/FileNotFoundException'{0x0000000622956830}> (0x0000000622956830) thrown at [s\src\hotspot\share\prims\jni.cpp, line 617]
Event: 0.153 Thread 0x000002115b583000 Exception <a 'java/lang/reflect/InvocationTargetException'{0x000000062295cba0}> (0x000000062295cba0) thrown at [s\src\hotspot\share\runtime\reflection.cpp, line 1245]

Events (20 events):
Event: 0.149 loading class org/jacoco/agent/rt/internal_43f5073/core/runtime/AbstractRuntime
Event: 0.149 loading class org/jacoco/agent/rt/internal_43f5073/core/runtime/AbstractRuntime done
Event: 0.150 loading class org/jacoco/agent/rt/internal_43f5073/Agent$2
Event: 0.150 loading class org/jacoco/agent/rt/internal_43f5073/Agent$2 done
Event: 0.150 loading class java/lang/NoSuchFieldError
Event: 0.150 loading class java/lang/IncompatibleClassChangeError
Event: 0.150 loading class java/lang/IncompatibleClassChangeError done
Event: 0.150 loading class java/lang/NoSuchFieldError done
Event: 0.150 loading class org/jacoco/agent/rt/internal_43f5073/output/FileOutput
Event: 0.150 loading class org/jacoco/agent/rt/internal_43f5073/output/FileOutput done
Event: 0.152 loading class java/io/FileNotFoundException
Event: 0.152 loading class java/io/FileNotFoundException done
Event: 0.152 loading class java/lang/Throwable$WrappedPrintStream
Event: 0.152 loading class java/lang/Throwable$PrintStreamOrWriter
Event: 0.152 loading class java/lang/Throwable$PrintStreamOrWriter done
Event: 0.152 loading class java/lang/Throwable$WrappedPrintStream done
Event: 0.152 loading class java/lang/StackTraceElement$HashedModules
Event: 0.152 loading class java/lang/StackTraceElement$HashedModules done
Event: 0.153 loading class java/lang/reflect/InvocationTargetException
Event: 0.153 loading class java/lang/reflect/InvocationTargetException done


Dynamic libraries:
0x00007ff767e80000 - 0x00007ff767e8e000 	C:\Users\Пользователь\.jdks\corretto-11.0.23\bin\java.exe
0x00007ff8b5bf0000 - 0x00007ff8b5e07000 	C:\WINDOWS\SYSTEM32\ntdll.dll
0x00007ff8b3f80000 - 0x00007ff8b4044000 	C:\WINDOWS\System32\KERNEL32.DLL
0x00007ff8b32f0000 - 0x00007ff8b3697000 	C:\WINDOWS\System32\KERNELBASE.dll
0x00007ff8b3080000 - 0x00007ff8b3191000 	C:\WINDOWS\System32\ucrtbase.dll
0x00007ff8a2180000 - 0x00007ff8a2197000 	C:\Users\Пользователь\.jdks\corretto-11.0.23\bin\jli.dll
0x00007ff8a20a0000 - 0x00007ff8a20bb000 	C:\Users\Пользователь\.jdks\corretto-11.0.23\bin\VCRUNTIME140.dll
0x00007ff8b4050000 - 0x00007ff8b41fe000 	C:\WINDOWS\System32\USER32.dll
0x00007ff8a8740000 - 0x00007ff8a89d3000 	C:\WINDOWS\WinSxS\amd64_microsoft.windows.common-controls_6595b64144ccf1df_6.0.22621.3527_none_270e469b73872a76\COMCTL32.dll
0x00007ff8b2ee0000 - 0x00007ff8b2f06000 	C:\WINDOWS\System32\win32u.dll
0x00007ff8b4200000 - 0x00007ff8b42a7000 	C:\WINDOWS\System32\msvcrt.dll
0x00007ff8b3db0000 - 0x00007ff8b3dd9000 	C:\WINDOWS\System32\GDI32.dll
0x00007ff8b3710000 - 0x00007ff8b3829000 	C:\WINDOWS\System32\gdi32full.dll
0x00007ff8b31a0000 - 0x00007ff8b323a000 	C:\WINDOWS\System32\msvcp_win.dll
0x00007ff8b3de0000 - 0x00007ff8b3e11000 	C:\WINDOWS\System32\IMM32.DLL
0x00007ff8b0160000 - 0x00007ff8b016c000 	C:\Users\Пользователь\.jdks\corretto-11.0.23\bin\vcruntime140_1.dll
0x00007ff88bd50000 - 0x00007ff88bddd000 	C:\Users\Пользователь\.jdks\corretto-11.0.23\bin\msvcp140.dll
0x00007ff812930000 - 0x00007ff8134f4000 	C:\Users\Пользователь\.jdks\corretto-11.0.23\bin\server\jvm.dll
0x00007ff8b42b0000 - 0x00007ff8b4362000 	C:\WINDOWS\System32\ADVAPI32.dll
0x00007ff8b4380000 - 0x00007ff8b4428000 	C:\WINDOWS\System32\sechost.dll
0x00007ff8b32c0000 - 0x00007ff8b32e8000 	C:\WINDOWS\System32\bcrypt.dll
0x00007ff8b4820000 - 0x00007ff8b4935000 	C:\WINDOWS\System32\RPCRT4.dll
0x00007ff8b3d30000 - 0x00007ff8b3d38000 	C:\WINDOWS\System32\PSAPI.DLL
0x00007ff87f980000 - 0x00007ff87f989000 	C:\WINDOWS\SYSTEM32\WSOCK32.dll
0x00007ff8a68a0000 - 0x00007ff8a68d4000 	C:\WINDOWS\SYSTEM32\WINMM.dll
0x00007ff8ad200000 - 0x00007ff8ad20a000 	C:\WINDOWS\SYSTEM32\VERSION.dll
0x00007ff8b4530000 - 0x00007ff8b45a1000 	C:\WINDOWS\System32\WS2_32.dll
0x00007ff8b1ff0000 - 0x00007ff8b2008000 	C:\WINDOWS\SYSTEM32\kernel.appcore.dll
0x00007ff8ae420000 - 0x00007ff8ae430000 	C:\Users\Пользователь\.jdks\corretto-11.0.23\bin\verify.dll
0x00007ff8a5de0000 - 0x00007ff8a6012000 	C:\WINDOWS\SYSTEM32\DBGHELP.DLL
0x00007ff8b38f0000 - 0x00007ff8b3c78000 	C:\WINDOWS\System32\combase.dll
0x00007ff8b4940000 - 0x00007ff8b4a17000 	C:\WINDOWS\System32\OLEAUT32.dll
0x00007ff8936e0000 - 0x00007ff893712000 	C:\WINDOWS\SYSTEM32\dbgcore.DLL
0x00007ff8b3240000 - 0x00007ff8b32b9000 	C:\WINDOWS\System32\bcryptPrimitives.dll
0x00007ff8a2070000 - 0x00007ff8a2098000 	C:\Users\Пользователь\.jdks\corretto-11.0.23\bin\java.dll
0x00007ff8ae3c0000 - 0x00007ff8ae3ca000 	C:\Users\Пользователь\.jdks\corretto-11.0.23\bin\jimage.dll
0x00007ff8a20c0000 - 0x00007ff8a20ce000 	C:\Users\Пользователь\.jdks\corretto-11.0.23\bin\instrument.dll
0x00007ff89a970000 - 0x00007ff89a988000 	C:\Users\Пользователь\.jdks\corretto-11.0.23\bin\zip.dll
0x00007ff8b4a20000 - 0x00007ff8b527c000 	C:\WINDOWS\System32\SHELL32.dll
0x00007ff8b0e30000 - 0x00007ff8b1726000 	C:\WINDOWS\SYSTEM32\windows.storage.dll
0x00007ff8b0cf0000 - 0x00007ff8b0e2e000 	C:\WINDOWS\SYSTEM32\wintypes.dll
0x00007ff8b3e80000 - 0x00007ff8b3f75000 	C:\WINDOWS\System32\SHCORE.dll
0x00007ff8b3d50000 - 0x00007ff8b3dae000 	C:\WINDOWS\System32\shlwapi.dll
0x00007ff8b2e10000 - 0x00007ff8b2e31000 	C:\WINDOWS\SYSTEM32\profapi.dll
0x00007ff897800000 - 0x00007ff897819000 	C:\Users\Пользователь\.jdks\corretto-11.0.23\bin\net.dll
0x00007ff8ad630000 - 0x00007ff8ad766000 	C:\WINDOWS\SYSTEM32\WINHTTP.dll
0x00007ff8b2460000 - 0x00007ff8b24c9000 	C:\WINDOWS\system32\mswsock.dll
0x00007ff8973f0000 - 0x00007ff897402000 	C:\Users\Пользователь\.jdks\corretto-11.0.23\bin\nio.dll
0x00007ff873040000 - 0x00007ff873057000 	C:\WINDOWS\system32\napinsp.dll
0x00007ff873020000 - 0x00007ff87303b000 	C:\WINDOWS\system32\pnrpnsp.dll
0x00007ff8b1a70000 - 0x00007ff8b1b68000 	C:\WINDOWS\SYSTEM32\DNSAPI.dll
0x00007ff8b1a40000 - 0x00007ff8b1a6d000 	C:\WINDOWS\SYSTEM32\IPHLPAPI.DLL
0x00007ff8b4370000 - 0x00007ff8b4379000 	C:\WINDOWS\System32\NSI.dll
0x00007ff873000000 - 0x00007ff873011000 	C:\WINDOWS\System32\winrnr.dll
0x00007ff882410000 - 0x00007ff882425000 	C:\WINDOWS\system32\wshbth.dll
0x00007ff872fd0000 - 0x00007ff872ff7000 	C:\WINDOWS\system32\nlansp_c.dll
0x00007ff8ac050000 - 0x00007ff8ac05a000 	C:\Windows\System32\rasadhlp.dll
0x00007ff8acac0000 - 0x00007ff8acb43000 	C:\WINDOWS\System32\fwpuclnt.dll

dbghelp: loaded successfully - version: 4.0.5 - missing functions: none
symbol engine: initialized successfully - sym options: 0x614 - pdb path: .;C:\Users\Пользователь\.jdks\corretto-11.0.23\bin;C:\WINDOWS\SYSTEM32;C:\WINDOWS\WinSxS\amd64_microsoft.windows.common-controls_6595b64144ccf1df_6.0.22621.3527_none_270e469b73872a76;C:\Users\Пользователь\.jdks\corretto-11.0.23\bin\server

VM Arguments:
jvm_args: -javaagent:C:\\Users\\Пользователь\\.m2\\repository\\org\\jacoco\\org.jacoco.agent\\0.8.5\\org.jacoco.agent-0.8.5-runtime.jar=destfile=C:\\Users\\Пользователь\\IdeaProjects\\HomeWorkJava.10.Radio\\target\\jacoco.exec 
java_command: C:\Users\73B5~1\AppData\Local\Temp\surefire5401093459425346940\surefirebooter5592205335677926574.jar C:\Users\Пользователь\AppData\Local\Temp\surefire5401093459425346940 2024-06-18T13-50-17_966-jvmRun1 surefire3969903527094579602tmp surefire_04518111764741677043tmp
java_class_path (initial): C:\Users\73B5~1\AppData\Local\Temp\surefire5401093459425346940\surefirebooter5592205335677926574.jar
Launcher Type: SUN_STANDARD

[Global flags]
     intx CICompilerCount                          = 4                                         {product} {ergonomic}
     uint ConcGCThreads                            = 3                                         {product} {ergonomic}
     uint G1ConcRefinementThreads                  = 10                                        {product} {ergonomic}
   size_t G1HeapRegionSize                         = 2097152                                   {product} {ergonomic}
    uintx GCDrainStackTargetSize                   = 64                                        {product} {ergonomic}
   size_t InitialHeapSize                          = 534773760                                 {product} {ergonomic}
   size_t MarkStackSize                            = 4194304                                   {product} {ergonomic}
   size_t MaxHeapSize                              = 8541700096                                {product} {ergonomic}
   size_t MaxNewSize                               = 5123342336                                {product} {ergonomic}
   size_t MinHeapDeltaBytes                        = 2097152                                   {product} {ergonomic}
    uintx NonNMethodCodeHeapSize                   = 5836300                                {pd product} {ergonomic}
    uintx NonProfiledCodeHeapSize                  = 122910970                              {pd product} {ergonomic}
    uintx ProfiledCodeHeapSize                     = 122910970                              {pd product} {ergonomic}
    uintx ReservedCodeCacheSize                    = 251658240                              {pd product} {ergonomic}
     bool SegmentedCodeCache                       = true                                      {product} {ergonomic}
     bool UseCompressedClassPointers               = true                                 {lp64_product} {ergonomic}
     bool UseCompressedOops                        = true                                 {lp64_product} {ergonomic}
     bool UseG1GC                                  = true                                      {product} {ergonomic}
     bool UseLargePagesIndividualAllocation        = false                                  {pd product} {ergonomic}

Logging:
Log output configuration:
 #0: stdout all=warning uptime,level,tags
 #1: stderr all=off uptime,level,tags

Environment Variables:
PATH=C:\Program Files (x86)\Common Files\Oracle\Java\java8path;C:\Program Files (x86)\Common Files\Oracle\Java\javapath;C:\Program Files\Eclipse Adoptium\jdk-11.0.22.7-hotspot\bin;C:\WINDOWS\system32;C:\WINDOWS;C:\WINDOWS\System32\Wbem;C:\WINDOWS\System32\WindowsPowerShell\v1.0\;C:\WINDOWS\System32\OpenSSH\;C:\Program Files\dotnet\;C:\Program Files (x86)\NVIDIA Corporation\PhysX\Common;C:\Program Files\NVIDIA Corporation\NVIDIA NvDLISR;C:\Program Files\WireGuard\;C:\Program Files\Git\cmd;C:\Users\Пользователь\AppData\Local\Microsoft\WindowsApps;C:\Users\Пользователь\AppData\Local\Programs\Microsoft VS Code\bin
USERNAME=Пользователь
OS=Windows_NT
PROCESSOR_IDENTIFIER=Intel64 Family 6 Model 167 Stepping 1, GenuineIntel
TMP=C:\Users\73B5~1\AppData\Local\Temp
TEMP=C:\Users\73B5~1\AppData\Local\Temp



---------------  S Y S T E M  ---------------

OS: Windows 11 , 64 bit Build 22621 (10.0.22621.3527)
OS uptime: 0 days 2:52 hours

CPU:total 12 (initial active 12) (6 cores per cpu, 2 threads per core) family 6 model 167 stepping 1 microcode 0x56, cmov, cx8, fxsr, mmx, sse, sse2, sse3, ssse3, sse4.1, sse4.2, popcnt, avx, avx2, aes, clmul, erms, 3dnowpref, lzcnt, ht, tsc, tscinvbit, bmi1, bmi2, adx, evex, sha, fma

Memory: 4k page, system-wide physical 32577M (19824M free)
TotalPageFile size 34625M (AvailPageFile size 18596M)
current process WorkingSet (physical memory assigned to process): 56M, peak: 56M
current process commit charge ("private bytes"): 611M, peak: 611M

vm_info: OpenJDK 64-Bit Server VM (11.0.23+9-LTS) for windows-amd64 JRE (11.0.23+9-LTS), built on Apr 10 2024 18:40:41 by "Administrator" with MS VC++ 16.10 / 16.11 (VS2019)

END.
